This is pdfTeX, Version 3.14159265-2.6-1.40.20 (TeX Live 2019/Debian) (preloaded format=pdflatex 2021.10.23)  15 MAR 2022 18:24
entering extended mode
 restricted \write18 enabled.
 %&-line parsing enabled.
**Hueller_Bertelli_03_assignment.tex
(./Hueller_Bertelli_03_assignment.tex
LaTeX2e <2020-02-02> patch level 2
L3 programming layer <2020-02-14>
(/usr/share/texlive/texmf-dist/tex/latex/base/article.cls
Document Class: article 2019/12/20 v1.4l Standard LaTeX document class
(/usr/share/texlive/texmf-dist/tex/latex/base/size10.clo
File: size10.clo 2019/12/20 v1.4l Standard LaTeX file (size option)
)
\c@part=\count167
\c@section=\count168
\c@subsection=\count169
\c@subsubsection=\count170
\c@paragraph=\count171
\c@subparagraph=\count172
\c@figure=\count173
\c@table=\count174
\abovecaptionskip=\skip47
\belowcaptionskip=\skip48
\bibindent=\dimen134
)
(/usr/share/texlive/texmf-dist/tex/latex/geometry/geometry.sty
Package: geometry 2020/01/02 v5.9 Page Geometry

(/usr/share/texlive/texmf-dist/tex/latex/graphics/keyval.sty
Package: keyval 2014/10/28 v1.15 key=value parser (DPC)
\KV@toks@=\toks14
)
(/usr/share/texlive/texmf-dist/tex/generic/iftex/ifvtex.sty
Package: ifvtex 2019/10/25 v1.7 ifvtex legacy package. Use iftex instead.

(/usr/share/texlive/texmf-dist/tex/generic/iftex/iftex.sty
Package: iftex 2019/11/07 v1.0c TeX engine tests
))
\Gm@cnth=\count175
\Gm@cntv=\count176
\c@Gm@tempcnt=\count177
\Gm@bindingoffset=\dimen135
\Gm@wd@mp=\dimen136
\Gm@odd@mp=\dimen137
\Gm@even@mp=\dimen138
\Gm@layoutwidth=\dimen139
\Gm@layoutheight=\dimen140
\Gm@layouthoffset=\dimen141
\Gm@layoutvoffset=\dimen142
\Gm@dimlist=\toks15
)
(/usr/share/texlive/texmf-dist/tex/latex/graphics/graphicx.sty
Package: graphicx 2019/11/30 v1.2a Enhanced LaTeX Graphics (DPC,SPQR)

(/usr/share/texlive/texmf-dist/tex/latex/graphics/graphics.sty
Package: graphics 2019/11/30 v1.4a Standard LaTeX Graphics (DPC,SPQR)

(/usr/share/texlive/texmf-dist/tex/latex/graphics/trig.sty
Package: trig 2016/01/03 v1.10 sin cos tan (DPC)
)
(/usr/share/texlive/texmf-dist/tex/latex/graphics-cfg/graphics.cfg
File: graphics.cfg 2016/06/04 v1.11 sample graphics configuration
)
Package graphics Info: Driver file: pdftex.def on input line 105.

(/usr/share/texlive/texmf-dist/tex/latex/graphics-def/pdftex.def
File: pdftex.def 2018/01/08 v1.0l Graphics/color driver for pdftex
))
\Gin@req@height=\dimen143
\Gin@req@width=\dimen144
)
(/usr/share/texlive/texmf-dist/tex/latex/multirow/multirow.sty
Package: multirow 2019/05/31 v2.5 Span multiple rows of a table
\multirow@colwidth=\skip49
\multirow@cntb=\count178
\multirow@dima=\skip50
\bigstrutjot=\dimen145
)
(/usr/share/texlive/texmf-dist/tex/latex/float/float.sty
Package: float 2001/11/08 v1.3d Float enhancements (AL)
\c@float@type=\count179
\float@exts=\toks16
\float@box=\box45
\@float@everytoks=\toks17
\@floatcapt=\box46
)
(/usr/share/texlive/texmf-dist/tex/latex/l3backend/l3backend-pdfmode.def
File: l3backend-pdfmode.def 2020-02-03 L3 backend support: PDF mode
\l__kernel_color_stack_int=\count180
\l__pdf_internal_box=\box47
)
(./Hueller_Bertelli_03_assignment.aux)
\openout1 = `Hueller_Bertelli_03_assignment.aux'.

LaTeX Font Info:    Checking defaults for OML/cmm/m/it on input line 10.
LaTeX Font Info:    ... okay on input line 10.
LaTeX Font Info:    Checking defaults for OMS/cmsy/m/n on input line 10.
LaTeX Font Info:    ... okay on input line 10.
LaTeX Font Info:    Checking defaults for OT1/cmr/m/n on input line 10.
LaTeX Font Info:    ... okay on input line 10.
LaTeX Font Info:    Checking defaults for T1/cmr/m/n on input line 10.
LaTeX Font Info:    ... okay on input line 10.
LaTeX Font Info:    Checking defaults for TS1/cmr/m/n on input line 10.
LaTeX Font Info:    ... okay on input line 10.
LaTeX Font Info:    Checking defaults for OMX/cmex/m/n on input line 10.
LaTeX Font Info:    ... okay on input line 10.
LaTeX Font Info:    Checking defaults for U/cmr/m/n on input line 10.
LaTeX Font Info:    ... okay on input line 10.

*geometry* driver: auto-detecting
*geometry* detected driver: pdftex
*geometry* verbose mode - [ preamble ] result:
* driver: pdftex
* paper: a4paper
* layout: <same size as paper>
* layoutoffset:(h,v)=(0.0pt,0.0pt)
* modes: 
* h-part:(L,W,R)=(42.67912pt, 512.14963pt, 42.67912pt)
* v-part:(T,H,B)=(28.45274pt, 782.45088pt, 34.14322pt)
* \paperwidth=597.50787pt
* \paperheight=845.04684pt
* \textwidth=512.14963pt
* \textheight=782.45088pt
* \oddsidemargin=-29.59087pt
* \evensidemargin=-29.59087pt
* \topmargin=-80.81725pt
* \headheight=12.0pt
* \headsep=25.0pt
* \topskip=10.0pt
* \footskip=30.0pt
* \marginparwidth=4.0pt
* \marginparsep=10.0pt
* \columnsep=10.0pt
* \skip\footins=9.0pt plus 4.0pt minus 2.0pt
* \hoffset=0.0pt
* \voffset=0.0pt
* \mag=1000
* \@twocolumntrue
* \@twosidefalse
* \@mparswitchfalse
* \@reversemarginfalse
* (1in=72.27pt=25.4mm, 1cm=28.453pt)

(/usr/share/texlive/texmf-dist/tex/context/base/mkii/supp-pdf.mkii
[Loading MPS to PDF converter (version 2006.09.02).]
\scratchcounter=\count181
\scratchdimen=\dimen146
\scratchbox=\box48
\nofMPsegments=\count182
\nofMParguments=\count183
\everyMPshowfont=\toks18
\MPscratchCnt=\count184
\MPscratchDim=\dimen147
\MPnumerator=\count185
\makeMPintoPDFobject=\count186
\everyMPtoPDFconversion=\toks19
) (/usr/share/texlive/texmf-dist/tex/latex/epstopdf-pkg/epstopdf-base.sty
Package: epstopdf-base 2020-01-24 v2.11 Base part for package epstopdf
Package epstopdf-base Info: Redefining graphics rule for `.eps' on input line 4
85.

(/usr/share/texlive/texmf-dist/tex/latex/latexconfig/epstopdf-sys.cfg
File: epstopdf-sys.cfg 2010/07/13 v1.3 Configuration of (r)epstopdf for TeX Liv
e
))
LaTeX Font Info:    External font `cmex10' loaded for size
(Font)              <12> on input line 25.
LaTeX Font Info:    External font `cmex10' loaded for size
(Font)              <8> on input line 25.
LaTeX Font Info:    External font `cmex10' loaded for size
(Font)              <6> on input line 25.
LaTeX Font Info:    External font `cmex10' loaded for size
(Font)              <7> on input line 61.
LaTeX Font Info:    External font `cmex10' loaded for size
(Font)              <5> on input line 61.
<../Figures/Network_schema.png, id=1, 715.473pt x 402.5439pt>
File: ../Figures/Network_schema.png Graphic file (type png)
<use ../Figures/Network_schema.png>
Package pdftex.def Info: ../Figures/Network_schema.png  used on input line 70.
(pdftex.def)             Requested size: 241.84842pt x 136.0646pt.

[1{/var/lib/texmf/fonts/map/pdftex/updmap/pdftex.map}


 <../Figures/Network_schema.png>]
<../Figures/average_loss_over_epiodes_1J_500E_256EL.png, id=17, 1156.32pt x 650
.43pt>
File: ../Figures/average_loss_over_epiodes_1J_500E_256EL.png Graphic file (type
 png)
<use ../Figures/average_loss_over_epiodes_1J_500E_256EL.png>
Package pdftex.def Info: ../Figures/average_loss_over_epiodes_1J_500E_256EL.png
  used on input line 163.
(pdftex.def)             Requested size: 241.84842pt x 136.03854pt.
<../Figures/training_time_over_epiodes_1J_500E_256EL.png, id=18, 1156.32pt x 65
0.43pt>
File: ../Figures/training_time_over_epiodes_1J_500E_256EL.png Graphic file (typ
e png)
<use ../Figures/training_time_over_epiodes_1J_500E_256EL.png>
Package pdftex.def Info: ../Figures/training_time_over_epiodes_1J_500E_256EL.pn
g  used on input line 170.
(pdftex.def)             Requested size: 241.84842pt x 136.03854pt.
<../Figures/loss_last_ep_random_positions_1J_500E_256EL.png, id=19, 1156.32pt x
 650.43pt>
File: ../Figures/loss_last_ep_random_positions_1J_500E_256EL.png Graphic file (
type png)
<use ../Figures/loss_last_ep_random_positions_1J_500E_256EL.png>
Package pdftex.def Info: ../Figures/loss_last_ep_random_positions_1J_500E_256EL
.png  used on input line 178.
(pdftex.def)             Requested size: 241.84842pt x 136.03854pt.
<../Figures/loss_last_ep_down_positions_1J_500E_256EL.png, id=20, 1156.32pt x 6
50.43pt>
File: ../Figures/loss_last_ep_down_positions_1J_500E_256EL.png Graphic file (ty
pe png)
<use ../Figures/loss_last_ep_down_positions_1J_500E_256EL.png>
Package pdftex.def Info: ../Figures/loss_last_ep_down_positions_1J_500E_256EL.p
ng  used on input line 186.
(pdftex.def)             Requested size: 241.84842pt x 136.03854pt.
<../Figures/loss_best_net_random_positions_1J_500E_256EL.png, id=21, 1156.32pt 
x 650.43pt>
File: ../Figures/loss_best_net_random_positions_1J_500E_256EL.png Graphic file 
(type png)
<use ../Figures/loss_best_net_random_positions_1J_500E_256EL.png>
Package pdftex.def Info: ../Figures/loss_best_net_random_positions_1J_500E_256E
L.png  used on input line 194.
(pdftex.def)             Requested size: 241.84842pt x 136.03854pt.

Underfull \vbox (badness 10000) has occurred while \output is active []

 [2 <../Figures/average_loss_over_epiodes_1J_500E_256EL.png> <../Figures/traini
ng_time_over_epiodes_1J_500E_256EL.png> <../Figures/loss_last_ep_random_positio
ns_1J_500E_256EL.png>]
<../Figures/loss_best_net_down_positions_1J_500E_256EL.png, id=28, 1156.32pt x 
650.43pt>
File: ../Figures/loss_best_net_down_positions_1J_500E_256EL.png Graphic file (t
ype png)
<use ../Figures/loss_best_net_down_positions_1J_500E_256EL.png>
Package pdftex.def Info: ../Figures/loss_best_net_down_positions_1J_500E_256EL.
png  used on input line 202.
(pdftex.def)             Requested size: 241.84842pt x 136.03854pt.
<../Figures/average_loss_over_epiodes_2J_500E_256EL.png, id=29, 1156.32pt x 650
.43pt>
File: ../Figures/average_loss_over_epiodes_2J_500E_256EL.png Graphic file (type
 png)
<use ../Figures/average_loss_over_epiodes_2J_500E_256EL.png>
Package pdftex.def Info: ../Figures/average_loss_over_epiodes_2J_500E_256EL.png
  used on input line 213.
(pdftex.def)             Requested size: 241.84842pt x 136.03854pt.
<../Figures/training_time_over_epiodes_2J_500E_256EL.png, id=30, 1156.32pt x 65
0.43pt>
File: ../Figures/training_time_over_epiodes_2J_500E_256EL.png Graphic file (typ
e png)
<use ../Figures/training_time_over_epiodes_2J_500E_256EL.png>
Package pdftex.def Info: ../Figures/training_time_over_epiodes_2J_500E_256EL.pn
g  used on input line 220.
(pdftex.def)             Requested size: 241.84842pt x 136.03854pt.
<../Figures/loss_last_ep_random_positions_2J_500E_256EL.png, id=31, 1156.32pt x
 650.43pt>
File: ../Figures/loss_last_ep_random_positions_2J_500E_256EL.png Graphic file (
type png)
<use ../Figures/loss_last_ep_random_positions_2J_500E_256EL.png>
Package pdftex.def Info: ../Figures/loss_last_ep_random_positions_2J_500E_256EL
.png  used on input line 228.
(pdftex.def)             Requested size: 241.84842pt x 136.03854pt.
<../Figures/loss_last_ep_down_positions_2J_500E_256EL.png, id=32, 1156.32pt x 6
50.43pt>
File: ../Figures/loss_last_ep_down_positions_2J_500E_256EL.png Graphic file (ty
pe png)
<use ../Figures/loss_last_ep_down_positions_2J_500E_256EL.png>
Package pdftex.def Info: ../Figures/loss_last_ep_down_positions_2J_500E_256EL.p
ng  used on input line 236.
(pdftex.def)             Requested size: 241.84842pt x 136.03854pt.
<../Figures/loss_best_net_random_positions_2J_500E_256EL.png, id=33, 1156.32pt 
x 650.43pt>
File: ../Figures/loss_best_net_random_positions_2J_500E_256EL.png Graphic file 
(type png)
<use ../Figures/loss_best_net_random_positions_2J_500E_256EL.png>
Package pdftex.def Info: ../Figures/loss_best_net_random_positions_2J_500E_256E
L.png  used on input line 244.
(pdftex.def)             Requested size: 241.84842pt x 136.03854pt.
<../Figures/loss_best_net_down_positions_2J_500E_256EL.png, id=34, 1156.32pt x 
650.43pt>
File: ../Figures/loss_best_net_down_positions_2J_500E_256EL.png Graphic file (t
ype png)
<use ../Figures/loss_best_net_down_positions_2J_500E_256EL.png>
Package pdftex.def Info: ../Figures/loss_best_net_down_positions_2J_500E_256EL.
png  used on input line 252.
(pdftex.def)             Requested size: 241.84842pt x 136.03854pt.

Underfull \vbox (badness 4266) has occurred while \output is active []

 [3 <../Figures/loss_last_ep_down_positions_1J_500E_256EL.png> <../Figures/loss
_best_net_random_positions_1J_500E_256EL.png> <../Figures/loss_best_net_down_po
sitions_1J_500E_256EL.png> <../Figures/average_loss_over_epiodes_2J_500E_256EL.
png> <../Figures/training_time_over_epiodes_2J_500E_256EL.png> <../Figures/loss
_last_ep_random_positions_2J_500E_256EL.png> <../Figures/loss_last_ep_down_posi
tions_2J_500E_256EL.png> <../Figures/loss_best_net_random_positions_2J_500E_256
EL.png>]
Underfull \hbox (badness 3260) in paragraph at lines 279--282
[]\OT1/cmr/m/n/10 Mnih, V., Kavukcuoglu, K., Sil-ver, D. et al.
 []


Underfull \hbox (badness 10000) in paragraph at lines 279--282
\OT1/cmr/m/n/10 Human-level con-trol through deep re-in-force-
 []


Underfull \hbox (badness 10000) in paragraph at lines 279--282
\OT1/cmr/m/n/10 ment learn-ing. Na-ture 518, 529{533 (2015).
 []

[4 <../Figures/loss_best_net_down_positions_2J_500E_256EL.png>]
(./Hueller_Bertelli_03_assignment.aux) ) 
Here is how much of TeX's memory you used:
 1902 strings out of 483183
 31631 string characters out of 5966291
 268936 words of memory out of 5000000
 16921 multiletter control sequences out of 15000+600000
 537235 words of font info for 40 fonts, out of 8000000 for 9000
 14 hyphenation exceptions out of 8191
 30i,7n,25p,273b,266s stack positions out of 5000i,500n,10000p,200000b,80000s
 </home/davide/.texlive2019/texmf-var/f
onts/pk/ljfour/jknappen/ec/tcrm1000.600pk></usr/share/texlive/texmf-dist/fonts/
type1/public/amsfonts/cm/cmbx10.pfb></usr/share/texlive/texmf-dist/fonts/type1/
public/amsfonts/cm/cmbx12.pfb></usr/share/texlive/texmf-dist/fonts/type1/public
/amsfonts/cm/cmmi10.pfb></usr/share/texlive/texmf-dist/fonts/type1/public/amsfo
nts/cm/cmmi7.pfb></usr/share/texlive/texmf-dist/fonts/type1/public/amsfonts/cm/
cmr10.pfb></usr/share/texlive/texmf-dist/fonts/type1/public/amsfonts/cm/cmr12.p
fb></usr/share/texlive/texmf-dist/fonts/type1/public/amsfonts/cm/cmr7.pfb>
Output written on Hueller_Bertelli_03_assignment.pdf (4 pages, 2684078 bytes).
PDF statistics:
 77 PDF objects out of 1000 (max. 8388607)
 36 compressed objects within 1 object stream
 0 named destinations out of 1000 (max. 500000)
 66 words of extra memory for PDF output out of 10000 (max. 10000000)

